2014-06-11 14:11:32,375 - 
2014-06-11 14:11:32,400 - DfFlutistLog4JLogSystem initialized using logfile './log/velocity.log'
2014-06-11 14:11:32,400 - Initializing Velocity, Calling init()...
2014-06-11 14:11:32,400 - *******************************************************************
2014-06-11 14:11:32,400 - Starting Apache Velocity v1.7 (compiled: 2010-11-19 12:14:37)
2014-06-11 14:11:32,400 - RuntimeInstance initializing.
2014-06-11 14:11:32,400 - Default Properties File: org\apache\velocity\runtime\defaults\velocity.properties
2014-06-11 14:11:32,400 - Trying to use logger class org.seasar.dbflute.friends.velocity.DfFlutistLog4JLogSystem
2014-06-11 14:11:32,400 - Using logger class org.seasar.dbflute.friends.velocity.DfFlutistLog4JLogSystem
2014-06-11 14:11:32,406 - Default ResourceManager initializing. (class org.apache.velocity.runtime.resource.ResourceManagerImpl)
2014-06-11 14:11:32,419 - ResourceLoader instantiated: org.apache.velocity.runtime.resource.loader.FileResourceLoader
2014-06-11 14:11:32,422 - FileResourceLoader : initialization starting.
2014-06-11 14:11:32,422 - Do unicode file recognition:  false
2014-06-11 14:11:32,422 - FileResourceLoader : adding path 'C:\projects\training\workspace\hands-on\twitter\mydbflute\dbflute-1.0.5H\templates'
2014-06-11 14:11:32,423 - FileResourceLoader : initialization complete.
2014-06-11 14:11:32,449 - ResourceCache: initialized (class org.apache.velocity.runtime.resource.ResourceCacheImpl) with class java.util.Collections$SynchronizedMap cache map.
2014-06-11 14:11:32,449 - Default ResourceManager initialization complete.
2014-06-11 14:11:32,453 - Loaded System Directive: org.apache.velocity.runtime.directive.Stop
2014-06-11 14:11:32,457 - Loaded System Directive: org.apache.velocity.runtime.directive.Define
2014-06-11 14:11:32,459 - Loaded System Directive: org.apache.velocity.runtime.directive.Break
2014-06-11 14:11:32,461 - Loaded System Directive: org.apache.velocity.runtime.directive.Evaluate
2014-06-11 14:11:32,464 - Loaded System Directive: org.apache.velocity.runtime.directive.Literal
2014-06-11 14:11:32,468 - Loaded System Directive: org.apache.velocity.runtime.directive.Macro
2014-06-11 14:11:32,472 - Loaded System Directive: org.apache.velocity.runtime.directive.Parse
2014-06-11 14:11:32,476 - Loaded System Directive: org.apache.velocity.runtime.directive.Include
2014-06-11 14:11:32,479 - Loaded System Directive: org.apache.velocity.runtime.directive.Foreach
2014-06-11 14:11:32,565 - Created '20' parsers.
2014-06-11 14:11:32,602 - Velocimacro : initialization starting.
2014-06-11 14:11:32,602 - Velocimacro : "velocimacro.library" is not set.  Trying default library: VM_global_library.vm
2014-06-11 14:11:32,602 - Velocimacro : Default library not found.
2014-06-11 14:11:32,602 - Velocimacro : allowInline = true : VMs can be defined inline in templates
2014-06-11 14:11:32,602 - Velocimacro : allowInlineToOverride = false : VMs defined inline may NOT replace previous VM definitions
2014-06-11 14:11:32,602 - Velocimacro : allowInlineLocal = false : VMs defined inline will be global in scope if allowed.
2014-06-11 14:11:32,602 - Velocimacro : autoload off : VM system will not automatically reload global library macros
2014-06-11 14:11:32,602 - Velocimacro : Velocimacro : initialization complete.
2014-06-11 14:11:32,602 - RuntimeInstance successfully initialized.
2014-06-11 14:11:32,810 - ResourceManager : found doc/ControlDocument.vm with loader org.apache.velocity.runtime.resource.loader.FileResourceLoader
2014-06-11 14:11:33,027 - ResourceManager : found doc/html/datamodel.vm with loader org.apache.velocity.runtime.resource.loader.FileResourceLoader
2014-06-11 14:11:33,113 - ResourceManager : found doc/html/table.vm with loader org.apache.velocity.runtime.resource.loader.FileResourceLoader
2014-06-11 14:11:33,155 - ResourceManager : found doc/html/table.vm with loader org.apache.velocity.runtime.resource.loader.FileResourceLoader
2014-06-11 14:11:33,173 - ResourceManager : found doc/html/table.vm with loader org.apache.velocity.runtime.resource.loader.FileResourceLoader
2014-06-11 14:11:49,252 - 
2014-06-11 14:11:49,285 - DfFlutistLog4JLogSystem initialized using logfile './log/velocity.log'
2014-06-11 14:11:49,285 - Initializing Velocity, Calling init()...
2014-06-11 14:11:49,285 - *******************************************************************
2014-06-11 14:11:49,285 - Starting Apache Velocity v1.7 (compiled: 2010-11-19 12:14:37)
2014-06-11 14:11:49,285 - RuntimeInstance initializing.
2014-06-11 14:11:49,285 - Default Properties File: org\apache\velocity\runtime\defaults\velocity.properties
2014-06-11 14:11:49,285 - Trying to use logger class org.seasar.dbflute.friends.velocity.DfFlutistLog4JLogSystem
2014-06-11 14:11:49,285 - Using logger class org.seasar.dbflute.friends.velocity.DfFlutistLog4JLogSystem
2014-06-11 14:11:49,292 - Default ResourceManager initializing. (class org.apache.velocity.runtime.resource.ResourceManagerImpl)
2014-06-11 14:11:49,301 - ResourceLoader instantiated: org.apache.velocity.runtime.resource.loader.FileResourceLoader
2014-06-11 14:11:49,306 - FileResourceLoader : initialization starting.
2014-06-11 14:11:49,306 - Do unicode file recognition:  false
2014-06-11 14:11:49,306 - FileResourceLoader : adding path 'C:\projects\training\workspace\hands-on\twitter\mydbflute\dbflute-1.0.5H\templates'
2014-06-11 14:11:49,307 - FileResourceLoader : initialization complete.
2014-06-11 14:11:49,335 - ResourceCache: initialized (class org.apache.velocity.runtime.resource.ResourceCacheImpl) with class java.util.Collections$SynchronizedMap cache map.
2014-06-11 14:11:49,336 - Default ResourceManager initialization complete.
2014-06-11 14:11:49,340 - Loaded System Directive: org.apache.velocity.runtime.directive.Stop
2014-06-11 14:11:49,345 - Loaded System Directive: org.apache.velocity.runtime.directive.Define
2014-06-11 14:11:49,348 - Loaded System Directive: org.apache.velocity.runtime.directive.Break
2014-06-11 14:11:49,351 - Loaded System Directive: org.apache.velocity.runtime.directive.Evaluate
2014-06-11 14:11:49,353 - Loaded System Directive: org.apache.velocity.runtime.directive.Literal
2014-06-11 14:11:49,358 - Loaded System Directive: org.apache.velocity.runtime.directive.Macro
2014-06-11 14:11:49,363 - Loaded System Directive: org.apache.velocity.runtime.directive.Parse
2014-06-11 14:11:49,369 - Loaded System Directive: org.apache.velocity.runtime.directive.Include
2014-06-11 14:11:49,372 - Loaded System Directive: org.apache.velocity.runtime.directive.Foreach
2014-06-11 14:11:49,453 - Created '20' parsers.
2014-06-11 14:11:49,484 - Velocimacro : initialization starting.
2014-06-11 14:11:49,484 - Velocimacro : "velocimacro.library" is not set.  Trying default library: VM_global_library.vm
2014-06-11 14:11:49,484 - Velocimacro : Default library not found.
2014-06-11 14:11:49,484 - Velocimacro : allowInline = true : VMs can be defined inline in templates
2014-06-11 14:11:49,485 - Velocimacro : allowInlineToOverride = false : VMs defined inline may NOT replace previous VM definitions
2014-06-11 14:11:49,485 - Velocimacro : allowInlineLocal = false : VMs defined inline will be global in scope if allowed.
2014-06-11 14:11:49,485 - Velocimacro : autoload off : VM system will not automatically reload global library macros
2014-06-11 14:11:49,485 - Velocimacro : Velocimacro : initialization complete.
2014-06-11 14:11:49,485 - RuntimeInstance successfully initialized.
2014-06-11 14:11:49,781 - ResourceManager : found om/ControlGenerateJava.vm with loader org.apache.velocity.runtime.resource.loader.FileResourceLoader
2014-06-11 14:11:49,961 - ResourceManager : found om/java/allcommon/DBCurrent.vm with loader org.apache.velocity.runtime.resource.loader.FileResourceLoader
2014-06-11 14:11:49,993 - ResourceManager : found om/java/allcommon/DBFluteConfig.vm with loader org.apache.velocity.runtime.resource.loader.FileResourceLoader
2014-06-11 14:11:50,004 - Null reference [template 'om/java/allcommon/DBFluteConfig.vm', line 149, column 41] : $df cannot be resolved.
2014-06-11 14:11:50,004 - Null reference [template 'om/java/allcommon/DBFluteConfig.vm', line 150, column 46] : $df cannot be resolved.
2014-06-11 14:11:50,004 - Null reference [template 'om/java/allcommon/DBFluteConfig.vm', line 918, column 59] : $PoolGuardConnectionWrapper cannot be resolved.
2014-06-11 14:11:50,020 - ResourceManager : found om/java/allcommon/DBFluteInitializer.vm with loader org.apache.velocity.runtime.resource.loader.FileResourceLoader
2014-06-11 14:11:50,029 - ResourceManager : found om/java/allcommon/DBMetaInstanceHandler.vm with loader org.apache.velocity.runtime.resource.loader.FileResourceLoader
2014-06-11 14:11:50,059 - ResourceManager : found om/java/allcommon/EntityDefinedCommonColumn.vm with loader org.apache.velocity.runtime.resource.loader.FileResourceLoader
2014-06-11 14:11:50,071 - ResourceManager : found om/java/allcommon/ImplementedBehaviorSelector.vm with loader org.apache.velocity.runtime.resource.loader.FileResourceLoader
2014-06-11 14:11:50,083 - ResourceManager : found om/java/allcommon/ImplementedCommonColumnAutoSetupper.vm with loader org.apache.velocity.runtime.resource.loader.FileResourceLoader
2014-06-11 14:11:50,092 - ResourceManager : found om/java/allcommon/ImplementedInvokerAssistant.vm with loader org.apache.velocity.runtime.resource.loader.FileResourceLoader
2014-06-11 14:11:50,099 - ResourceManager : found om/java/allcommon/ImplementedSqlClauseCreator.vm with loader org.apache.velocity.runtime.resource.loader.FileResourceLoader
2014-06-11 14:11:50,108 - ResourceManager : found om/java/allcommon/container/seasar/DBFluteDicon.vm with loader org.apache.velocity.runtime.resource.loader.FileResourceLoader
2014-06-11 14:11:50,177 - Null reference [template 'om/ControlGenerateJava.vm', line 284, column 38] : ${glPackageExtendedDao} cannot be resolved.
2014-06-11 14:11:50,177 - Null reference [template 'om/ControlGenerateJava.vm', line 287, column 34] : ${glPackageBaseDao} cannot be resolved.
2014-06-11 14:11:50,271 - ResourceManager : found om/java/bsbhv/BaseBhv.vm with loader org.apache.velocity.runtime.resource.loader.FileResourceLoader
2014-06-11 14:11:50,393 - ResourceManager : found om/java/bsentity/BaseEntity.vm with loader org.apache.velocity.runtime.resource.loader.FileResourceLoader
2014-06-11 14:11:50,445 - ResourceManager : found om/java/bsentity/dbmeta/DBMetaImpl.vm with loader org.apache.velocity.runtime.resource.loader.FileResourceLoader
2014-06-11 14:11:50,466 - ResourceManager : found om/java/exbhv/ExtendedBhv.vm with loader org.apache.velocity.runtime.resource.loader.FileResourceLoader
2014-06-11 14:11:50,472 - ResourceManager : found om/java/exentity/ExtendedEntity.vm with loader org.apache.velocity.runtime.resource.loader.FileResourceLoader
2014-06-11 14:11:50,490 - ResourceManager : found om/java/cbean/BsConditionBean.vm with loader org.apache.velocity.runtime.resource.loader.FileResourceLoader
2014-06-11 14:11:50,611 - ResourceManager : found om/java/cbean/AbstractBsConditionQuery.vm with loader org.apache.velocity.runtime.resource.loader.FileResourceLoader
2014-06-11 14:11:50,615 - RHS of #set statement is null. Context will not be modified. om/java/cbean/AbstractBsConditionQuery.vm[line 66, column 1]
2014-06-11 14:11:50,677 - RHS of #set statement is null. Context will not be modified. om/java/cbean/AbstractBsConditionQuery.vm[line 66, column 1]
2014-06-11 14:11:50,685 - RHS of #set statement is null. Context will not be modified. om/java/cbean/AbstractBsConditionQuery.vm[line 66, column 1]
2014-06-11 14:11:50,689 - RHS of #set statement is null. Context will not be modified. om/java/cbean/AbstractBsConditionQuery.vm[line 66, column 1]
2014-06-11 14:11:50,695 - RHS of #set statement is null. Context will not be modified. om/java/cbean/AbstractBsConditionQuery.vm[line 66, column 1]
2014-06-11 14:11:50,723 - ResourceManager : found om/java/cbean/BsConditionInlineQuery.vm with loader org.apache.velocity.runtime.resource.loader.FileResourceLoader
2014-06-11 14:11:50,725 - RHS of #set statement is null. Context will not be modified. om/java/cbean/BsConditionInlineQuery.vm[line 84, column 1]
2014-06-11 14:11:50,746 - RHS of #set statement is null. Context will not be modified. om/java/cbean/BsConditionInlineQuery.vm[line 84, column 1]
2014-06-11 14:11:50,747 - RHS of #set statement is null. Context will not be modified. om/java/cbean/BsConditionInlineQuery.vm[line 84, column 1]
2014-06-11 14:11:50,749 - RHS of #set statement is null. Context will not be modified. om/java/cbean/BsConditionInlineQuery.vm[line 84, column 1]
2014-06-11 14:11:50,749 - RHS of #set statement is null. Context will not be modified. om/java/cbean/BsConditionInlineQuery.vm[line 84, column 1]
2014-06-11 14:11:50,785 - ResourceManager : found om/java/cbean/BsConditionQuery.vm with loader org.apache.velocity.runtime.resource.loader.FileResourceLoader
2014-06-11 14:11:50,787 - RHS of #set statement is null. Context will not be modified. om/java/cbean/BsConditionQuery.vm[line 101, column 1]
2014-06-11 14:11:50,807 - RHS of #set statement is null. Context will not be modified. om/java/cbean/BsConditionQuery.vm[line 101, column 1]
2014-06-11 14:11:50,808 - RHS of #set statement is null. Context will not be modified. om/java/cbean/BsConditionQuery.vm[line 101, column 1]
2014-06-11 14:11:50,808 - RHS of #set statement is null. Context will not be modified. om/java/cbean/BsConditionQuery.vm[line 101, column 1]
2014-06-11 14:11:50,809 - RHS of #set statement is null. Context will not be modified. om/java/cbean/BsConditionQuery.vm[line 101, column 1]
2014-06-11 14:11:50,813 - ResourceManager : found om/java/cbean/ExConditionBean.vm with loader org.apache.velocity.runtime.resource.loader.FileResourceLoader
2014-06-11 14:11:50,817 - ResourceManager : found om/java/cbean/ExConditionQuery.vm with loader org.apache.velocity.runtime.resource.loader.FileResourceLoader
2014-06-11 14:11:50,820 - Null reference [template 'om/ControlGenerateJava.vm', line 284, column 38] : ${glPackageExtendedDao} cannot be resolved.
2014-06-11 14:11:50,821 - Null reference [template 'om/ControlGenerateJava.vm', line 287, column 34] : ${glPackageBaseDao} cannot be resolved.
2014-06-11 14:11:50,856 - ResourceManager : found om/java/bsbhv/BaseBhv.vm with loader org.apache.velocity.runtime.resource.loader.FileResourceLoader
2014-06-11 14:11:50,914 - ResourceManager : found om/java/bsentity/BaseEntity.vm with loader org.apache.velocity.runtime.resource.loader.FileResourceLoader
2014-06-11 14:11:50,962 - ResourceManager : found om/java/bsentity/dbmeta/DBMetaImpl.vm with loader org.apache.velocity.runtime.resource.loader.FileResourceLoader
2014-06-11 14:11:50,987 - ResourceManager : found om/java/exbhv/ExtendedBhv.vm with loader org.apache.velocity.runtime.resource.loader.FileResourceLoader
2014-06-11 14:11:50,989 - ResourceManager : found om/java/exentity/ExtendedEntity.vm with loader org.apache.velocity.runtime.resource.loader.FileResourceLoader
2014-06-11 14:11:51,027 - ResourceManager : found om/java/cbean/BsConditionBean.vm with loader org.apache.velocity.runtime.resource.loader.FileResourceLoader
2014-06-11 14:11:51,075 - ResourceManager : found om/java/cbean/AbstractBsConditionQuery.vm with loader org.apache.velocity.runtime.resource.loader.FileResourceLoader
2014-06-11 14:11:51,077 - RHS of #set statement is null. Context will not be modified. om/java/cbean/AbstractBsConditionQuery.vm[line 66, column 1]
2014-06-11 14:11:51,099 - RHS of #set statement is null. Context will not be modified. om/java/cbean/AbstractBsConditionQuery.vm[line 66, column 1]
2014-06-11 14:11:51,123 - ResourceManager : found om/java/cbean/BsConditionInlineQuery.vm with loader org.apache.velocity.runtime.resource.loader.FileResourceLoader
2014-06-11 14:11:51,124 - RHS of #set statement is null. Context will not be modified. om/java/cbean/BsConditionInlineQuery.vm[line 84, column 1]
2014-06-11 14:11:51,132 - RHS of #set statement is null. Context will not be modified. om/java/cbean/BsConditionInlineQuery.vm[line 84, column 1]
2014-06-11 14:11:51,167 - ResourceManager : found om/java/cbean/BsConditionQuery.vm with loader org.apache.velocity.runtime.resource.loader.FileResourceLoader
2014-06-11 14:11:51,168 - RHS of #set statement is null. Context will not be modified. om/java/cbean/BsConditionQuery.vm[line 101, column 1]
2014-06-11 14:11:51,177 - RHS of #set statement is null. Context will not be modified. om/java/cbean/BsConditionQuery.vm[line 101, column 1]
2014-06-11 14:11:51,209 - ResourceManager : found om/java/cbean/NestSelectSetupper.vm with loader org.apache.velocity.runtime.resource.loader.FileResourceLoader
2014-06-11 14:11:51,216 - ResourceManager : found om/java/cbean/ExConditionBean.vm with loader org.apache.velocity.runtime.resource.loader.FileResourceLoader
2014-06-11 14:11:51,220 - ResourceManager : found om/java/cbean/ExConditionQuery.vm with loader org.apache.velocity.runtime.resource.loader.FileResourceLoader
2014-06-11 14:11:51,224 - Null reference [template 'om/ControlGenerateJava.vm', line 284, column 38] : ${glPackageExtendedDao} cannot be resolved.
2014-06-11 14:11:51,224 - Null reference [template 'om/ControlGenerateJava.vm', line 287, column 34] : ${glPackageBaseDao} cannot be resolved.
2014-06-11 14:11:51,256 - ResourceManager : found om/java/bsbhv/BaseBhv.vm with loader org.apache.velocity.runtime.resource.loader.FileResourceLoader
2014-06-11 14:11:51,308 - ResourceManager : found om/java/bsentity/BaseEntity.vm with loader org.apache.velocity.runtime.resource.loader.FileResourceLoader
2014-06-11 14:11:51,338 - ResourceManager : found om/java/bsentity/dbmeta/DBMetaImpl.vm with loader org.apache.velocity.runtime.resource.loader.FileResourceLoader
2014-06-11 14:11:51,359 - ResourceManager : found om/java/exbhv/ExtendedBhv.vm with loader org.apache.velocity.runtime.resource.loader.FileResourceLoader
2014-06-11 14:11:51,362 - ResourceManager : found om/java/exentity/ExtendedEntity.vm with loader org.apache.velocity.runtime.resource.loader.FileResourceLoader
2014-06-11 14:11:51,374 - ResourceManager : found om/java/cbean/BsConditionBean.vm with loader org.apache.velocity.runtime.resource.loader.FileResourceLoader
2014-06-11 14:11:51,406 - ResourceManager : found om/java/cbean/AbstractBsConditionQuery.vm with loader org.apache.velocity.runtime.resource.loader.FileResourceLoader
2014-06-11 14:11:51,408 - RHS of #set statement is null. Context will not be modified. om/java/cbean/AbstractBsConditionQuery.vm[line 66, column 1]
2014-06-11 14:11:51,418 - RHS of #set statement is null. Context will not be modified. om/java/cbean/AbstractBsConditionQuery.vm[line 66, column 1]
2014-06-11 14:11:51,425 - RHS of #set statement is null. Context will not be modified. om/java/cbean/AbstractBsConditionQuery.vm[line 66, column 1]
2014-06-11 14:11:51,440 - ResourceManager : found om/java/cbean/BsConditionInlineQuery.vm with loader org.apache.velocity.runtime.resource.loader.FileResourceLoader
2014-06-11 14:11:51,440 - RHS of #set statement is null. Context will not be modified. om/java/cbean/BsConditionInlineQuery.vm[line 84, column 1]
2014-06-11 14:11:51,443 - RHS of #set statement is null. Context will not be modified. om/java/cbean/BsConditionInlineQuery.vm[line 84, column 1]
2014-06-11 14:11:51,443 - RHS of #set statement is null. Context will not be modified. om/java/cbean/BsConditionInlineQuery.vm[line 84, column 1]
2014-06-11 14:11:51,461 - ResourceManager : found om/java/cbean/BsConditionQuery.vm with loader org.apache.velocity.runtime.resource.loader.FileResourceLoader
2014-06-11 14:11:51,462 - RHS of #set statement is null. Context will not be modified. om/java/cbean/BsConditionQuery.vm[line 101, column 1]
2014-06-11 14:11:51,465 - RHS of #set statement is null. Context will not be modified. om/java/cbean/BsConditionQuery.vm[line 101, column 1]
2014-06-11 14:11:51,465 - RHS of #set statement is null. Context will not be modified. om/java/cbean/BsConditionQuery.vm[line 101, column 1]
2014-06-11 14:11:51,474 - ResourceManager : found om/java/cbean/NestSelectSetupper.vm with loader org.apache.velocity.runtime.resource.loader.FileResourceLoader
2014-06-11 14:11:51,477 - ResourceManager : found om/java/cbean/ExConditionBean.vm with loader org.apache.velocity.runtime.resource.loader.FileResourceLoader
2014-06-11 14:11:51,480 - ResourceManager : found om/java/cbean/ExConditionQuery.vm with loader org.apache.velocity.runtime.resource.loader.FileResourceLoader
2014-06-11 19:11:55,656 - 
2014-06-11 19:11:55,683 - DfFlutistLog4JLogSystem initialized using logfile './log/velocity.log'
2014-06-11 19:11:55,683 - Initializing Velocity, Calling init()...
2014-06-11 19:11:55,683 - *******************************************************************
2014-06-11 19:11:55,683 - Starting Apache Velocity v1.7 (compiled: 2010-11-19 12:14:37)
2014-06-11 19:11:55,683 - RuntimeInstance initializing.
2014-06-11 19:11:55,683 - Default Properties File: org\apache\velocity\runtime\defaults\velocity.properties
2014-06-11 19:11:55,683 - Trying to use logger class org.seasar.dbflute.friends.velocity.DfFlutistLog4JLogSystem
2014-06-11 19:11:55,683 - Using logger class org.seasar.dbflute.friends.velocity.DfFlutistLog4JLogSystem
2014-06-11 19:11:55,688 - Default ResourceManager initializing. (class org.apache.velocity.runtime.resource.ResourceManagerImpl)
2014-06-11 19:11:55,697 - ResourceLoader instantiated: org.apache.velocity.runtime.resource.loader.FileResourceLoader
2014-06-11 19:11:55,701 - FileResourceLoader : initialization starting.
2014-06-11 19:11:55,701 - Do unicode file recognition:  false
2014-06-11 19:11:55,701 - FileResourceLoader : adding path 'C:\projects\training\workspace\hands-on\twitter\mydbflute\dbflute-1.0.5H\templates'
2014-06-11 19:11:55,701 - FileResourceLoader : initialization complete.
2014-06-11 19:11:55,724 - ResourceCache: initialized (class org.apache.velocity.runtime.resource.ResourceCacheImpl) with class java.util.Collections$SynchronizedMap cache map.
2014-06-11 19:11:55,724 - Default ResourceManager initialization complete.
2014-06-11 19:11:55,728 - Loaded System Directive: org.apache.velocity.runtime.directive.Stop
2014-06-11 19:11:55,733 - Loaded System Directive: org.apache.velocity.runtime.directive.Define
2014-06-11 19:11:55,735 - Loaded System Directive: org.apache.velocity.runtime.directive.Break
2014-06-11 19:11:55,737 - Loaded System Directive: org.apache.velocity.runtime.directive.Evaluate
2014-06-11 19:11:55,739 - Loaded System Directive: org.apache.velocity.runtime.directive.Literal
2014-06-11 19:11:55,743 - Loaded System Directive: org.apache.velocity.runtime.directive.Macro
2014-06-11 19:11:55,748 - Loaded System Directive: org.apache.velocity.runtime.directive.Parse
2014-06-11 19:11:55,752 - Loaded System Directive: org.apache.velocity.runtime.directive.Include
2014-06-11 19:11:55,755 - Loaded System Directive: org.apache.velocity.runtime.directive.Foreach
2014-06-11 19:11:55,830 - Created '20' parsers.
2014-06-11 19:11:55,868 - Velocimacro : initialization starting.
2014-06-11 19:11:55,868 - Velocimacro : "velocimacro.library" is not set.  Trying default library: VM_global_library.vm
2014-06-11 19:11:55,869 - Velocimacro : Default library not found.
2014-06-11 19:11:55,869 - Velocimacro : allowInline = true : VMs can be defined inline in templates
2014-06-11 19:11:55,869 - Velocimacro : allowInlineToOverride = false : VMs defined inline may NOT replace previous VM definitions
2014-06-11 19:11:55,869 - Velocimacro : allowInlineLocal = false : VMs defined inline will be global in scope if allowed.
2014-06-11 19:11:55,869 - Velocimacro : autoload off : VM system will not automatically reload global library macros
2014-06-11 19:11:55,869 - Velocimacro : Velocimacro : initialization complete.
2014-06-11 19:11:55,869 - RuntimeInstance successfully initialized.
2014-06-11 19:11:56,132 - ResourceManager : found doc/ControlDocument.vm with loader org.apache.velocity.runtime.resource.loader.FileResourceLoader
2014-06-11 19:11:56,396 - ResourceManager : found doc/html/datamodel.vm with loader org.apache.velocity.runtime.resource.loader.FileResourceLoader
2014-06-11 19:11:56,480 - ResourceManager : found doc/html/table.vm with loader org.apache.velocity.runtime.resource.loader.FileResourceLoader
2014-06-11 19:11:56,519 - ResourceManager : found doc/html/table.vm with loader org.apache.velocity.runtime.resource.loader.FileResourceLoader
2014-06-11 19:11:56,535 - ResourceManager : found doc/html/table.vm with loader org.apache.velocity.runtime.resource.loader.FileResourceLoader
2014-06-11 19:11:56,550 - ResourceManager : found doc/html/table.vm with loader org.apache.velocity.runtime.resource.loader.FileResourceLoader
2014-06-11 19:11:56,573 - ResourceManager : found doc/html/table.vm with loader org.apache.velocity.runtime.resource.loader.FileResourceLoader
2014-06-11 19:11:56,665 - ResourceManager : found doc/html/diffmodel.vm with loader org.apache.velocity.runtime.resource.loader.FileResourceLoader
2014-06-11 19:12:28,668 - 
2014-06-11 19:12:28,723 - DfFlutistLog4JLogSystem initialized using logfile './log/velocity.log'
2014-06-11 19:12:28,723 - Initializing Velocity, Calling init()...
2014-06-11 19:12:28,723 - *******************************************************************
2014-06-11 19:12:28,724 - Starting Apache Velocity v1.7 (compiled: 2010-11-19 12:14:37)
2014-06-11 19:12:28,724 - RuntimeInstance initializing.
2014-06-11 19:12:28,724 - Default Properties File: org\apache\velocity\runtime\defaults\velocity.properties
2014-06-11 19:12:28,724 - Trying to use logger class org.seasar.dbflute.friends.velocity.DfFlutistLog4JLogSystem
2014-06-11 19:12:28,724 - Using logger class org.seasar.dbflute.friends.velocity.DfFlutistLog4JLogSystem
2014-06-11 19:12:28,735 - Default ResourceManager initializing. (class org.apache.velocity.runtime.resource.ResourceManagerImpl)
2014-06-11 19:12:28,750 - ResourceLoader instantiated: org.apache.velocity.runtime.resource.loader.FileResourceLoader
2014-06-11 19:12:28,753 - FileResourceLoader : initialization starting.
2014-06-11 19:12:28,753 - Do unicode file recognition:  false
2014-06-11 19:12:28,753 - FileResourceLoader : adding path 'C:\projects\training\workspace\hands-on\twitter\mydbflute\dbflute-1.0.5H\templates'
2014-06-11 19:12:28,753 - FileResourceLoader : initialization complete.
2014-06-11 19:12:28,771 - ResourceCache: initialized (class org.apache.velocity.runtime.resource.ResourceCacheImpl) with class java.util.Collections$SynchronizedMap cache map.
2014-06-11 19:12:28,771 - Default ResourceManager initialization complete.
2014-06-11 19:12:28,774 - Loaded System Directive: org.apache.velocity.runtime.directive.Stop
2014-06-11 19:12:28,778 - Loaded System Directive: org.apache.velocity.runtime.directive.Define
2014-06-11 19:12:28,779 - Loaded System Directive: org.apache.velocity.runtime.directive.Break
2014-06-11 19:12:28,781 - Loaded System Directive: org.apache.velocity.runtime.directive.Evaluate
2014-06-11 19:12:28,783 - Loaded System Directive: org.apache.velocity.runtime.directive.Literal
2014-06-11 19:12:28,786 - Loaded System Directive: org.apache.velocity.runtime.directive.Macro
2014-06-11 19:12:28,790 - Loaded System Directive: org.apache.velocity.runtime.directive.Parse
2014-06-11 19:12:28,794 - Loaded System Directive: org.apache.velocity.runtime.directive.Include
2014-06-11 19:12:28,796 - Loaded System Directive: org.apache.velocity.runtime.directive.Foreach
2014-06-11 19:12:28,854 - Created '20' parsers.
2014-06-11 19:12:28,878 - Velocimacro : initialization starting.
2014-06-11 19:12:28,878 - Velocimacro : "velocimacro.library" is not set.  Trying default library: VM_global_library.vm
2014-06-11 19:12:28,878 - Velocimacro : Default library not found.
2014-06-11 19:12:28,878 - Velocimacro : allowInline = true : VMs can be defined inline in templates
2014-06-11 19:12:28,878 - Velocimacro : allowInlineToOverride = false : VMs defined inline may NOT replace previous VM definitions
2014-06-11 19:12:28,878 - Velocimacro : allowInlineLocal = false : VMs defined inline will be global in scope if allowed.
2014-06-11 19:12:28,878 - Velocimacro : autoload off : VM system will not automatically reload global library macros
2014-06-11 19:12:28,878 - Velocimacro : Velocimacro : initialization complete.
2014-06-11 19:12:28,878 - RuntimeInstance successfully initialized.
2014-06-11 19:12:29,209 - ResourceManager : found om/ControlGenerateJava.vm with loader org.apache.velocity.runtime.resource.loader.FileResourceLoader
2014-06-11 19:12:29,426 - ResourceManager : found om/java/allcommon/DBCurrent.vm with loader org.apache.velocity.runtime.resource.loader.FileResourceLoader
2014-06-11 19:12:29,475 - ResourceManager : found om/java/allcommon/DBFluteConfig.vm with loader org.apache.velocity.runtime.resource.loader.FileResourceLoader
2014-06-11 19:12:29,487 - Null reference [template 'om/java/allcommon/DBFluteConfig.vm', line 149, column 41] : $df cannot be resolved.
2014-06-11 19:12:29,487 - Null reference [template 'om/java/allcommon/DBFluteConfig.vm', line 150, column 46] : $df cannot be resolved.
2014-06-11 19:12:29,488 - Null reference [template 'om/java/allcommon/DBFluteConfig.vm', line 918, column 59] : $PoolGuardConnectionWrapper cannot be resolved.
2014-06-11 19:12:29,504 - ResourceManager : found om/java/allcommon/DBFluteInitializer.vm with loader org.apache.velocity.runtime.resource.loader.FileResourceLoader
2014-06-11 19:12:29,516 - ResourceManager : found om/java/allcommon/DBMetaInstanceHandler.vm with loader org.apache.velocity.runtime.resource.loader.FileResourceLoader
2014-06-11 19:12:29,573 - ResourceManager : found om/java/allcommon/EntityDefinedCommonColumn.vm with loader org.apache.velocity.runtime.resource.loader.FileResourceLoader
2014-06-11 19:12:29,591 - ResourceManager : found om/java/allcommon/ImplementedBehaviorSelector.vm with loader org.apache.velocity.runtime.resource.loader.FileResourceLoader
2014-06-11 19:12:29,605 - ResourceManager : found om/java/allcommon/ImplementedCommonColumnAutoSetupper.vm with loader org.apache.velocity.runtime.resource.loader.FileResourceLoader
2014-06-11 19:12:29,615 - ResourceManager : found om/java/allcommon/ImplementedInvokerAssistant.vm with loader org.apache.velocity.runtime.resource.loader.FileResourceLoader
2014-06-11 19:12:29,622 - ResourceManager : found om/java/allcommon/ImplementedSqlClauseCreator.vm with loader org.apache.velocity.runtime.resource.loader.FileResourceLoader
2014-06-11 19:12:29,632 - ResourceManager : found om/java/allcommon/container/seasar/DBFluteDicon.vm with loader org.apache.velocity.runtime.resource.loader.FileResourceLoader
2014-06-11 19:12:29,706 - Null reference [template 'om/ControlGenerateJava.vm', line 284, column 38] : ${glPackageExtendedDao} cannot be resolved.
2014-06-11 19:12:29,706 - Null reference [template 'om/ControlGenerateJava.vm', line 287, column 34] : ${glPackageBaseDao} cannot be resolved.
2014-06-11 19:12:29,783 - ResourceManager : found om/java/bsbhv/BaseBhv.vm with loader org.apache.velocity.runtime.resource.loader.FileResourceLoader
2014-06-11 19:12:29,900 - ResourceManager : found om/java/bsentity/BaseEntity.vm with loader org.apache.velocity.runtime.resource.loader.FileResourceLoader
2014-06-11 19:12:29,966 - ResourceManager : found om/java/bsentity/dbmeta/DBMetaImpl.vm with loader org.apache.velocity.runtime.resource.loader.FileResourceLoader
2014-06-11 19:12:30,010 - ResourceManager : found om/java/cbean/BsConditionBean.vm with loader org.apache.velocity.runtime.resource.loader.FileResourceLoader
2014-06-11 19:12:30,148 - ResourceManager : found om/java/cbean/AbstractBsConditionQuery.vm with loader org.apache.velocity.runtime.resource.loader.FileResourceLoader
2014-06-11 19:12:30,153 - RHS of #set statement is null. Context will not be modified. om/java/cbean/AbstractBsConditionQuery.vm[line 66, column 1]
2014-06-11 19:12:30,231 - RHS of #set statement is null. Context will not be modified. om/java/cbean/AbstractBsConditionQuery.vm[line 66, column 1]
2014-06-11 19:12:30,239 - RHS of #set statement is null. Context will not be modified. om/java/cbean/AbstractBsConditionQuery.vm[line 66, column 1]
2014-06-11 19:12:30,277 - ResourceManager : found om/java/cbean/BsConditionInlineQuery.vm with loader org.apache.velocity.runtime.resource.loader.FileResourceLoader
2014-06-11 19:12:30,278 - RHS of #set statement is null. Context will not be modified. om/java/cbean/BsConditionInlineQuery.vm[line 84, column 1]
2014-06-11 19:12:30,297 - RHS of #set statement is null. Context will not be modified. om/java/cbean/BsConditionInlineQuery.vm[line 84, column 1]
2014-06-11 19:12:30,298 - RHS of #set statement is null. Context will not be modified. om/java/cbean/BsConditionInlineQuery.vm[line 84, column 1]
2014-06-11 19:12:30,348 - ResourceManager : found om/java/cbean/BsConditionQuery.vm with loader org.apache.velocity.runtime.resource.loader.FileResourceLoader
2014-06-11 19:12:30,350 - RHS of #set statement is null. Context will not be modified. om/java/cbean/BsConditionQuery.vm[line 101, column 1]
2014-06-11 19:12:30,378 - RHS of #set statement is null. Context will not be modified. om/java/cbean/BsConditionQuery.vm[line 101, column 1]
2014-06-11 19:12:30,379 - RHS of #set statement is null. Context will not be modified. om/java/cbean/BsConditionQuery.vm[line 101, column 1]
2014-06-11 19:12:30,410 - ResourceManager : found om/java/cbean/NestSelectSetupper.vm with loader org.apache.velocity.runtime.resource.loader.FileResourceLoader
2014-06-11 19:12:30,418 - Null reference [template 'om/ControlGenerateJava.vm', line 284, column 38] : ${glPackageExtendedDao} cannot be resolved.
2014-06-11 19:12:30,419 - Null reference [template 'om/ControlGenerateJava.vm', line 287, column 34] : ${glPackageBaseDao} cannot be resolved.
2014-06-11 19:12:30,451 - ResourceManager : found om/java/bsbhv/BaseBhv.vm with loader org.apache.velocity.runtime.resource.loader.FileResourceLoader
2014-06-11 19:12:30,522 - ResourceManager : found om/java/bsentity/BaseEntity.vm with loader org.apache.velocity.runtime.resource.loader.FileResourceLoader
2014-06-11 19:12:30,558 - ResourceManager : found om/java/bsentity/dbmeta/DBMetaImpl.vm with loader org.apache.velocity.runtime.resource.loader.FileResourceLoader
2014-06-11 19:12:30,592 - ResourceManager : found om/java/cbean/BsConditionBean.vm with loader org.apache.velocity.runtime.resource.loader.FileResourceLoader
2014-06-11 19:12:30,649 - ResourceManager : found om/java/cbean/AbstractBsConditionQuery.vm with loader org.apache.velocity.runtime.resource.loader.FileResourceLoader
2014-06-11 19:12:30,650 - RHS of #set statement is null. Context will not be modified. om/java/cbean/AbstractBsConditionQuery.vm[line 66, column 1]
2014-06-11 19:12:30,672 - RHS of #set statement is null. Context will not be modified. om/java/cbean/AbstractBsConditionQuery.vm[line 66, column 1]
2014-06-11 19:12:30,692 - ResourceManager : found om/java/cbean/BsConditionInlineQuery.vm with loader org.apache.velocity.runtime.resource.loader.FileResourceLoader
2014-06-11 19:12:30,693 - RHS of #set statement is null. Context will not be modified. om/java/cbean/BsConditionInlineQuery.vm[line 84, column 1]
2014-06-11 19:12:30,698 - RHS of #set statement is null. Context will not be modified. om/java/cbean/BsConditionInlineQuery.vm[line 84, column 1]
2014-06-11 19:12:30,731 - ResourceManager : found om/java/cbean/BsConditionQuery.vm with loader org.apache.velocity.runtime.resource.loader.FileResourceLoader
2014-06-11 19:12:30,733 - RHS of #set statement is null. Context will not be modified. om/java/cbean/BsConditionQuery.vm[line 101, column 1]
2014-06-11 19:12:30,741 - RHS of #set statement is null. Context will not be modified. om/java/cbean/BsConditionQuery.vm[line 101, column 1]
2014-06-11 19:12:30,759 - ResourceManager : found om/java/cbean/NestSelectSetupper.vm with loader org.apache.velocity.runtime.resource.loader.FileResourceLoader
2014-06-11 19:12:30,770 - Null reference [template 'om/ControlGenerateJava.vm', line 284, column 38] : ${glPackageExtendedDao} cannot be resolved.
2014-06-11 19:12:30,770 - Null reference [template 'om/ControlGenerateJava.vm', line 287, column 34] : ${glPackageBaseDao} cannot be resolved.
2014-06-11 19:12:30,800 - ResourceManager : found om/java/bsbhv/BaseBhv.vm with loader org.apache.velocity.runtime.resource.loader.FileResourceLoader
2014-06-11 19:12:30,840 - ResourceManager : found om/java/bsentity/BaseEntity.vm with loader org.apache.velocity.runtime.resource.loader.FileResourceLoader
2014-06-11 19:12:30,866 - ResourceManager : found om/java/bsentity/dbmeta/DBMetaImpl.vm with loader org.apache.velocity.runtime.resource.loader.FileResourceLoader
2014-06-11 19:12:30,883 - ResourceManager : found om/java/exbhv/ExtendedBhv.vm with loader org.apache.velocity.runtime.resource.loader.FileResourceLoader
2014-06-11 19:12:30,888 - ResourceManager : found om/java/exentity/ExtendedEntity.vm with loader org.apache.velocity.runtime.resource.loader.FileResourceLoader
2014-06-11 19:12:30,906 - ResourceManager : found om/java/cbean/BsConditionBean.vm with loader org.apache.velocity.runtime.resource.loader.FileResourceLoader
2014-06-11 19:12:30,944 - ResourceManager : found om/java/cbean/AbstractBsConditionQuery.vm with loader org.apache.velocity.runtime.resource.loader.FileResourceLoader
2014-06-11 19:12:30,957 - RHS of #set statement is null. Context will not be modified. om/java/cbean/AbstractBsConditionQuery.vm[line 66, column 1]
2014-06-11 19:12:30,980 - ResourceManager : found om/java/cbean/BsConditionInlineQuery.vm with loader org.apache.velocity.runtime.resource.loader.FileResourceLoader
2014-06-11 19:12:30,983 - RHS of #set statement is null. Context will not be modified. om/java/cbean/BsConditionInlineQuery.vm[line 84, column 1]
2014-06-11 19:12:31,011 - ResourceManager : found om/java/cbean/BsConditionQuery.vm with loader org.apache.velocity.runtime.resource.loader.FileResourceLoader
2014-06-11 19:12:31,017 - RHS of #set statement is null. Context will not be modified. om/java/cbean/BsConditionQuery.vm[line 101, column 1]
2014-06-11 19:12:31,029 - ResourceManager : found om/java/cbean/NestSelectSetupper.vm with loader org.apache.velocity.runtime.resource.loader.FileResourceLoader
2014-06-11 19:12:31,035 - ResourceManager : found om/java/cbean/ExConditionBean.vm with loader org.apache.velocity.runtime.resource.loader.FileResourceLoader
2014-06-11 19:12:31,040 - ResourceManager : found om/java/cbean/ExConditionQuery.vm with loader org.apache.velocity.runtime.resource.loader.FileResourceLoader
2014-06-11 19:12:31,043 - Null reference [template 'om/ControlGenerateJava.vm', line 284, column 38] : ${glPackageExtendedDao} cannot be resolved.
2014-06-11 19:12:31,043 - Null reference [template 'om/ControlGenerateJava.vm', line 287, column 34] : ${glPackageBaseDao} cannot be resolved.
2014-06-11 19:12:31,064 - ResourceManager : found om/java/bsbhv/BaseBhv.vm with loader org.apache.velocity.runtime.resource.loader.FileResourceLoader
2014-06-11 19:12:31,114 - ResourceManager : found om/java/bsentity/BaseEntity.vm with loader org.apache.velocity.runtime.resource.loader.FileResourceLoader
2014-06-11 19:12:31,141 - ResourceManager : found om/java/bsentity/dbmeta/DBMetaImpl.vm with loader org.apache.velocity.runtime.resource.loader.FileResourceLoader
2014-06-11 19:12:31,162 - ResourceManager : found om/java/exbhv/ExtendedBhv.vm with loader org.apache.velocity.runtime.resource.loader.FileResourceLoader
2014-06-11 19:12:31,165 - ResourceManager : found om/java/exentity/ExtendedEntity.vm with loader org.apache.velocity.runtime.resource.loader.FileResourceLoader
2014-06-11 19:12:31,176 - ResourceManager : found om/java/cbean/BsConditionBean.vm with loader org.apache.velocity.runtime.resource.loader.FileResourceLoader
2014-06-11 19:12:31,213 - ResourceManager : found om/java/cbean/AbstractBsConditionQuery.vm with loader org.apache.velocity.runtime.resource.loader.FileResourceLoader
2014-06-11 19:12:31,215 - RHS of #set statement is null. Context will not be modified. om/java/cbean/AbstractBsConditionQuery.vm[line 66, column 1]
2014-06-11 19:12:31,232 - RHS of #set statement is null. Context will not be modified. om/java/cbean/AbstractBsConditionQuery.vm[line 66, column 1]
2014-06-11 19:12:31,235 - RHS of #set statement is null. Context will not be modified. om/java/cbean/AbstractBsConditionQuery.vm[line 66, column 1]
2014-06-11 19:12:31,248 - ResourceManager : found om/java/cbean/BsConditionInlineQuery.vm with loader org.apache.velocity.runtime.resource.loader.FileResourceLoader
2014-06-11 19:12:31,249 - RHS of #set statement is null. Context will not be modified. om/java/cbean/BsConditionInlineQuery.vm[line 84, column 1]
2014-06-11 19:12:31,254 - RHS of #set statement is null. Context will not be modified. om/java/cbean/BsConditionInlineQuery.vm[line 84, column 1]
2014-06-11 19:12:31,254 - RHS of #set statement is null. Context will not be modified. om/java/cbean/BsConditionInlineQuery.vm[line 84, column 1]
2014-06-11 19:12:31,272 - ResourceManager : found om/java/cbean/BsConditionQuery.vm with loader org.apache.velocity.runtime.resource.loader.FileResourceLoader
2014-06-11 19:12:31,273 - RHS of #set statement is null. Context will not be modified. om/java/cbean/BsConditionQuery.vm[line 101, column 1]
2014-06-11 19:12:31,278 - RHS of #set statement is null. Context will not be modified. om/java/cbean/BsConditionQuery.vm[line 101, column 1]
2014-06-11 19:12:31,279 - RHS of #set statement is null. Context will not be modified. om/java/cbean/BsConditionQuery.vm[line 101, column 1]
2014-06-11 19:12:31,282 - ResourceManager : found om/java/cbean/ExConditionBean.vm with loader org.apache.velocity.runtime.resource.loader.FileResourceLoader
2014-06-11 19:12:31,286 - ResourceManager : found om/java/cbean/ExConditionQuery.vm with loader org.apache.velocity.runtime.resource.loader.FileResourceLoader
2014-06-11 19:12:31,291 - Null reference [template 'om/ControlGenerateJava.vm', line 284, column 38] : ${glPackageExtendedDao} cannot be resolved.
2014-06-11 19:12:31,291 - Null reference [template 'om/ControlGenerateJava.vm', line 287, column 34] : ${glPackageBaseDao} cannot be resolved.
2014-06-11 19:12:31,347 - ResourceManager : found om/java/bsbhv/BaseBhv.vm with loader org.apache.velocity.runtime.resource.loader.FileResourceLoader
2014-06-11 19:12:31,378 - ResourceManager : found om/java/bsentity/BaseEntity.vm with loader org.apache.velocity.runtime.resource.loader.FileResourceLoader
2014-06-11 19:12:31,397 - ResourceManager : found om/java/bsentity/dbmeta/DBMetaImpl.vm with loader org.apache.velocity.runtime.resource.loader.FileResourceLoader
2014-06-11 19:12:31,429 - ResourceManager : found om/java/cbean/BsConditionBean.vm with loader org.apache.velocity.runtime.resource.loader.FileResourceLoader
2014-06-11 19:12:31,464 - ResourceManager : found om/java/cbean/AbstractBsConditionQuery.vm with loader org.apache.velocity.runtime.resource.loader.FileResourceLoader
2014-06-11 19:12:31,465 - RHS of #set statement is null. Context will not be modified. om/java/cbean/AbstractBsConditionQuery.vm[line 66, column 1]
2014-06-11 19:12:31,475 - RHS of #set statement is null. Context will not be modified. om/java/cbean/AbstractBsConditionQuery.vm[line 66, column 1]
2014-06-11 19:12:31,480 - RHS of #set statement is null. Context will not be modified. om/java/cbean/AbstractBsConditionQuery.vm[line 66, column 1]
2014-06-11 19:12:31,492 - ResourceManager : found om/java/cbean/BsConditionInlineQuery.vm with loader org.apache.velocity.runtime.resource.loader.FileResourceLoader
2014-06-11 19:12:31,493 - RHS of #set statement is null. Context will not be modified. om/java/cbean/BsConditionInlineQuery.vm[line 84, column 1]
2014-06-11 19:12:31,495 - RHS of #set statement is null. Context will not be modified. om/java/cbean/BsConditionInlineQuery.vm[line 84, column 1]
2014-06-11 19:12:31,495 - RHS of #set statement is null. Context will not be modified. om/java/cbean/BsConditionInlineQuery.vm[line 84, column 1]
2014-06-11 19:12:31,514 - ResourceManager : found om/java/cbean/BsConditionQuery.vm with loader org.apache.velocity.runtime.resource.loader.FileResourceLoader
2014-06-11 19:12:31,515 - RHS of #set statement is null. Context will not be modified. om/java/cbean/BsConditionQuery.vm[line 101, column 1]
2014-06-11 19:12:31,517 - RHS of #set statement is null. Context will not be modified. om/java/cbean/BsConditionQuery.vm[line 101, column 1]
2014-06-11 19:12:31,518 - RHS of #set statement is null. Context will not be modified. om/java/cbean/BsConditionQuery.vm[line 101, column 1]
2014-06-11 19:12:31,526 - ResourceManager : found om/java/cbean/NestSelectSetupper.vm with loader org.apache.velocity.runtime.resource.loader.FileResourceLoader
